<?xml version="1.0" encoding="UTF-8"?>
<!-- Generated by org.testng.reporters.JUnitReportReporter -->
<testsuite hostname="LAPTOP-BI8BBAAU" failures="0" tests="1" name="com.selenium.activity.Activity1" time="9.490" errors="0" timestamp="2022-02-11T18:47:58 IST" skipped="0">
  <testcase classname="com.selenium.activity.Activity1" name="Testcase" time="9.490"/>
  <system-out/>
</testsuite> <!-- com.selenium.activity.Activity1 -->
