<?xml version="1.0" encoding="UTF-8"?>
<!-- Generated by org.testng.reporters.JUnitReportReporter -->
<testsuite hostname="LAPTOP-BI8BBAAU" failures="0" tests="1" name="com.seleniumtestNg.xpath" time="5.046" errors="0" timestamp="2022-02-11T18:44:46 IST" skipped="0">
  <testcase classname="com.seleniumtestNg.xpath" name="xpath" time="5.046"/>
  <system-out/>
</testsuite> <!-- com.seleniumtestNg.xpath -->
