<?xml version="1.0" encoding="UTF-8"?>
<!-- Generated by org.testng.reporters.JUnitReportReporter -->
<testsuite hostname="LAPTOP-BI8BBAAU" failures="0" tests="1" name="com.selenium.Parameter" time="7.354" errors="0" timestamp="2022-02-14T11:00:49 IST" skipped="0">
  <testcase classname="com.selenium.Parameter" name="Testacse1" time="7.354"/>
  <system-out/>
</testsuite> <!-- com.selenium.Parameter -->
