<?xml version="1.0" encoding="UTF-8"?>
<!-- Generated by org.testng.reporters.JUnitReportReporter -->
<testsuite skipped="0" hostname="LAPTOP-BI8BBAAU" name="com.seleniumtestNg.Testcase1" tests="4" failures="0" timestamp="2022-02-16T17:33:26 IST" time="11.031" errors="0">
  <testcase name="Test1" time="4.841" classname="com.seleniumtestNg.Testcase1"/>
  <system-out/>
  <testcase name="Test4" time="0.898" classname="com.seleniumtestNg.Testcase1"/>
  <system-out/>
  <testcase name="Test2" time="2.159" classname="com.seleniumtestNg.Testcase1"/>
  <system-out/>
  <testcase name="Test3" time="3.133" classname="com.seleniumtestNg.Testcase1"/>
  <system-out/>
</testsuite> <!-- com.seleniumtestNg.Testcase1 -->
