<?xml version="1.0" encoding="UTF-8"?>
<!-- Generated by org.testng.reporters.JUnitReportReporter -->
<testsuite hostname="LAPTOP-BI8BBAAU" failures="0" tests="3" name="com.seleniumtestNg.DataDriven" time="10.668" errors="0" timestamp="2022-02-11T18:42:09 IST" skipped="0">
  <testcase classname="com.seleniumtestNg.DataDriven" name="Testcase" time="6.031"/>
  <system-out/>
  <testcase classname="com.seleniumtestNg.DataDriven" name="Testcase" time="2.653"/>
  <system-out/>
  <testcase classname="com.seleniumtestNg.DataDriven" name="Testcase" time="1.984"/>
  <system-out/>
</testsuite> <!-- com.seleniumtestNg.DataDriven -->
