<?xml version="1.0" encoding="UTF-8"?>
<!-- Generated by org.testng.reporters.JUnitReportReporter -->
<testsuite hostname="LAPTOP-BI8BBAAU" failures="0" tests="4" name="com.seleniumtestNg.NewTestcase2" time="15.932" errors="0" timestamp="2022-02-11T18:41:11 IST" skipped="0">
  <testcase classname="com.seleniumtestNg.NewTestcase2" name="Test3" time="5.005"/>
  <system-out/>
  <testcase classname="com.seleniumtestNg.NewTestcase2" name="Test2" time="2.545"/>
  <system-out/>
  <testcase classname="com.seleniumtestNg.NewTestcase2" name="Test1" time="5.760"/>
  <system-out/>
  <testcase classname="com.seleniumtestNg.NewTestcase2" name="Test4" time="2.622"/>
  <system-out/>
</testsuite> <!-- com.seleniumtestNg.NewTestcase2 -->
