<?xml version="1.0" encoding="UTF-8"?>
<!-- Generated by org.testng.reporters.JUnitReportReporter -->
<testsuite skipped="0" hostname="LAPTOP-BI8BBAAU" name="com.selenium.TestCase2" tests="4" failures="0" timestamp="2022-02-16T21:43:26 IST" time="24.664" errors="0">
  <testcase name="Test3" time="7.324" classname="com.selenium.TestCase2"/>
  <system-out/>
  <testcase name="Test2" time="4.090" classname="com.selenium.TestCase2"/>
  <system-out/>
  <testcase name="Test1" time="10.098" classname="com.selenium.TestCase2"/>
  <system-out/>
  <testcase name="Test4" time="3.152" classname="com.selenium.TestCase2"/>
  <system-out/>
</testsuite> <!-- com.selenium.TestCase2 -->
