<?xml version="1.0" encoding="UTF-8"?>
<!-- Generated by org.testng.reporters.JUnitReportReporter -->
<testsuite skipped="0" hostname="LAPTOP-BI8BBAAU" name="Bigbasket.project4.Testcase2" tests="2" failures="0" timestamp="2022-02-21T10:38:14 IST" time="192.462" errors="0">
  <testcase name="TestCase1" time="1.644" classname="Bigbasket.project4.Testcase2"/>
  <system-out/>
  <testcase name="TestCase" time="190.818" classname="Bigbasket.project4.Testcase2"/>
  <system-out/>
</testsuite> <!-- Bigbasket.project4.Testcase2 -->
